# JRE version: OpenJDK Runtime Environment (8.0_242-b01) (build 1.8.0_242-release-1644-b01)
# Java VM: OpenJDK 64-Bit Server VM (25.242-b01 mixed mode windows-amd64 compressed oops)
Heap:
 PSYoungGen      total 380928K, used 318185K [0x00000000e0000000, 0x00000000feb80000, 0x0000000100000000)
  eden space 279040K, 97% used [0x00000000e0000000,0x00000000f0935a28,0x00000000f1080000)
  from space 101888K, 45% used [0x00000000f8800000,0x00000000fb584b20,0x00000000feb80000)
  to   space 112128K, 0% used [0x00000000f1080000,0x00000000f1080000,0x00000000f7e00000)
 ParOldGen       total 415232K, used 251731K [0x00000000a0000000, 0x00000000b9580000, 0x00000000e0000000)
  object space 415232K, 60% used [0x00000000a0000000,0x00000000af5d4d30,0x00000000b9580000)
 Metaspace       used 99362K, capacity 104162K, committed 104468K, reserved 1140736K
  class space    used 12743K, capacity 13797K, committed 13884K, reserved 1048576K
GC Heap History (10 events):
Event: 121.608 GC heap before
{Heap before GC invocations=34 (full 6):
 PSYoungGen      total 343552K, used 98798K [0x00000000e0000000, 0x0000000100000000, 0x0000000100000000)
  eden space 244736K, 0% used [0x00000000e0000000,0x00000000e0000000,0x00000000eef00000)
  from space 98816K, 99% used [0x00000000f9f80000,0x00000000ffffb930,0x0000000100000000)
  to   space 139776K, 0% used [0x00000000eef00000,0x00000000eef00000,0x00000000f7780000)
 ParOldGen       total 273408K, used 249925K [0x00000000a0000000, 0x00000000b0b00000, 0x00000000e0000000)
  object space 273408K, 91% used [0x00000000a0000000,0x00000000af411660,0x00000000b0b00000)
 Metaspace       used 98350K, capacity 102888K, committed 103060K, reserved 1138688K
  class space    used 12647K, capacity 13702K, committed 13756K, reserved 1048576K
Event: 124.451 GC heap after
Heap after GC invocations=34 (full 6):
 PSYoungGen      total 343552K, used 0K [0x00000000e0000000, 0x0000000100000000, 0x0000000100000000)
  eden space 244736K, 0% used [0x00000000e0000000,0x00000000e0000000,0x00000000eef00000)
  from space 98816K, 0% used [0x00000000f9f80000,0x00000000f9f80000,0x0000000100000000)
  to   space 139776K, 0% used [0x00000000eef00000,0x00000000eef00000,0x00000000f7780000)
 ParOldGen       total 415232K, used 251699K [0x00000000a0000000, 0x00000000b9580000, 0x00000000e0000000)
  object space 415232K, 60% used [0x00000000a0000000,0x00000000af5ccd30,0x00000000b9580000)
 Metaspace       used 97484K, capacity 101840K, committed 103060K, reserved 1138688K
  class space    used 12549K, capacity 13558K, committed 13756K, reserved 1048576K
}
Event: 126.867 GC heap before
{Heap before GC invocations=35 (full 6):
 PSYoungGen      total 343552K, used 244736K [0x00000000e0000000, 0x0000000100000000, 0x0000000100000000)
  eden space 244736K, 100% used [0x00000000e0000000,0x00000000eef00000,0x00000000eef00000)
  from space 98816K, 0% used [0x00000000f9f80000,0x00000000f9f80000,0x0000000100000000)
  to   space 139776K, 0% used [0x00000000eef00000,0x00000000eef00000,0x00000000f7780000)
 ParOldGen       total 415232K, used 251699K [0x00000000a0000000, 0x00000000b9580000, 0x00000000e0000000)
  object space 415232K, 60% used [0x00000000a0000000,0x00000000af5ccd30,0x00000000b9580000)
 Metaspace       used 98058K, capacity 102540K, committed 103060K, reserved 1138688K
  class space    used 12598K, capacity 13616K, committed 13756K, reserved 1048576K
Event: 126.937 GC heap after
Heap after GC invocations=35 (full 6):
 PSYoungGen      total 384512K, used 23049K [0x00000000e0000000, 0x0000000100000000, 0x0000000100000000)
  eden space 244736K, 0% used [0x00000000e0000000,0x00000000e0000000,0x00000000eef00000)
  from space 139776K, 16% used [0x00000000eef00000,0x00000000f05825f8,0x00000000f7780000)
  to   space 134656K, 0% used [0x00000000f7c80000,0x00000000f7c80000,0x0000000100000000)
 ParOldGen       total 415232K, used 251707K [0x00000000a0000000, 0x00000000b9580000, 0x00000000e0000000)
  object space 415232K, 60% used [0x00000000a0000000,0x00000000af5ced30,0x00000000b9580000)
 Metaspace       used 98058K, capacity 102540K, committed 103060K, reserved 1138688K
  class space    used 12598K, capacity 13616K, committed 13756K, reserved 1048576K
}
Event: 129.662 GC heap before
{Heap before GC invocations=36 (full 6):
 PSYoungGen      total 384512K, used 267785K [0x00000000e0000000, 0x0000000100000000, 0x0000000100000000)
  eden space 244736K, 100% used [0x00000000e0000000,0x00000000eef00000,0x00000000eef00000)
  from space 139776K, 16% used [0x00000000eef00000,0x00000000f05825f8,0x00000000f7780000)
  to   space 134656K, 0% used [0x00000000f7c80000,0x00000000f7c80000,0x0000000100000000)
 ParOldGen       total 415232K, used 251707K [0x00000000a0000000, 0x00000000b9580000, 0x00000000e0000000)
  object space 415232K, 60% used [0x00000000a0000000,0x00000000af5ced30,0x00000000b9580000)
 Metaspace       used 98846K, capacity 103644K, committed 103956K, reserved 1138688K
  class space    used 12698K, capacity 13744K, committed 13884K, reserved 1048576K
Event: 129.778 GC heap after
Heap after GC invocations=36 (full 6):
 PSYoungGen      total 363008K, used 41434K [0x00000000e0000000, 0x00000000feb00000, 0x0000000100000000)
  eden space 249856K, 0% used [0x00000000e0000000,0x00000000e0000000,0x00000000ef400000)
  from space 113152K, 36% used [0x00000000f7c80000,0x00000000fa4f6928,0x00000000feb00000)
  to   space 126464K, 0% used [0x00000000ef400000,0x00000000ef400000,0x00000000f6f80000)
 ParOldGen       total 415232K, used 251715K [0x00000000a0000000, 0x00000000b9580000, 0x00000000e0000000)
  object space 415232K, 60% used [0x00000000a0000000,0x00000000af5d0d30,0x00000000b9580000)
 Metaspace       used 98846K, capacity 103644K, committed 103956K, reserved 1138688K
  class space    used 12698K, capacity 13744K, committed 13884K, reserved 1048576K
}
Event: 131.134 GC heap before
{Heap before GC invocations=37 (full 6):
 PSYoungGen      total 363008K, used 291290K [0x00000000e0000000, 0x00000000feb00000, 0x0000000100000000)
  eden space 249856K, 100% used [0x00000000e0000000,0x00000000ef400000,0x00000000ef400000)
  from space 113152K, 36% used [0x00000000f7c80000,0x00000000fa4f6928,0x00000000feb00000)
  to   space 126464K, 0% used [0x00000000ef400000,0x00000000ef400000,0x00000000f6f80000)
 ParOldGen       total 415232K, used 251715K [0x00000000a0000000, 0x00000000b9580000, 0x00000000e0000000)
  object space 415232K, 60% used [0x00000000a0000000,0x00000000af5d0d30,0x00000000b9580000)
 Metaspace       used 99206K, capacity 104026K, committed 104212K, reserved 1140736K
  class space    used 12743K, capacity 13797K, committed 13884K, reserved 1048576K
Event: 131.235 GC heap after
Heap after GC invocations=37 (full 6):
 PSYoungGen      total 376320K, used 46061K [0x00000000e0000000, 0x00000000ffc00000, 0x0000000100000000)
  eden space 249856K, 0% used [0x00000000e0000000,0x00000000e0000000,0x00000000ef400000)
  from space 126464K, 36% used [0x00000000ef400000,0x00000000f20fb418,0x00000000f6f80000)
  to   space 118784K, 0% used [0x00000000f8800000,0x00000000f8800000,0x00000000ffc00000)
 ParOldGen       total 415232K, used 251723K [0x00000000a0000000, 0x00000000b9580000, 0x00000000e0000000)
  object space 415232K, 60% used [0x00000000a0000000,0x00000000af5d2d30,0x00000000b9580000)
 Metaspace       used 99206K, capacity 104026K, committed 104212K, reserved 1140736K
  class space    used 12743K, capacity 13797K, committed 13884K, reserved 1048576K
}
Event: 132.259 GC heap before
{Heap before GC invocations=38 (full 6):
 PSYoungGen      total 376320K, used 295917K [0x00000000e0000000, 0x00000000ffc00000, 0x0000000100000000)
  eden space 249856K, 100% used [0x00000000e0000000,0x00000000ef400000,0x00000000ef400000)
  from space 126464K, 36% used [0x00000000ef400000,0x00000000f20fb418,0x00000000f6f80000)
  to   space 118784K, 0% used [0x00000000f8800000,0x00000000f8800000,0x00000000ffc00000)
 ParOldGen       total 415232K, used 251723K [0x00000000a0000000, 0x00000000b9580000, 0x00000000e0000000)
  object space 415232K, 60% used [0x00000000a0000000,0x00000000af5d2d30,0x00000000b9580000)
 Metaspace       used 99282K, capacity 104158K, committed 104468K, reserved 1140736K
  class space    used 12743K, capacity 13797K, committed 13884K, reserved 1048576K
Event: 132.348 GC heap after
Heap after GC invocations=38 (full 6):
 PSYoungGen      total 380928K, used 46610K [0x00000000e0000000, 0x00000000feb80000, 0x0000000100000000)
  eden space 279040K, 0% used [0x00000000e0000000,0x00000000e0000000,0x00000000f1080000)
  from space 101888K, 45% used [0x00000000f8800000,0x00000000fb584b20,0x00000000feb80000)
  to   space 112128K, 0% used [0x00000000f1080000,0x00000000f1080000,0x00000000f7e00000)
 ParOldGen       total 415232K, used 251731K [0x00000000a0000000, 0x00000000b9580000, 0x00000000e0000000)
  object space 415232K, 60% used [0x00000000a0000000,0x00000000af5d4d30,0x00000000b9580000)
 Metaspace       used 99282K, capacity 104158K, committed 104468K, reserved 1140736K
  class space    used 12743K, capacity 13797K, committed 13884K, reserved 1048576K
}

