# JRE version: OpenJDK Runtime Environment (8.0_242-b01) (build 1.8.0_242-release-1644-b01)
# Java VM: OpenJDK 64-Bit Server VM (25.242-b01 mixed mode windows-amd64 compressed oops)
Heap:
 PSYoungGen      total 164352K, used 6183K [0x00000000e0000000, 0x00000000eb580000, 0x0000000100000000)
  eden space 154624K, 3% used [0x00000000e0000000,0x00000000e0609fd0,0x00000000e9700000)
  from space 9728K, 0% used [0x00000000ea080000,0x00000000ea080000,0x00000000eaa00000)
  to   space 9728K, 0% used [0x00000000e9700000,0x00000000e9700000,0x00000000ea080000)
 ParOldGen       total 48128K, used 12831K [0x00000000a0000000, 0x00000000a2f00000, 0x00000000e0000000)
  object space 48128K, 26% used [0x00000000a0000000,0x00000000a0c87c78,0x00000000a2f00000)
 Metaspace       used 34846K, capacity 35738K, committed 35888K, reserved 1081344K
  class space    used 4618K, capacity 4902K, committed 4912K, reserved 1048576K
GC Heap History (10 events):
Event: 15.238 GC heap before
{Heap before GC invocations=12 (full 1):
 PSYoungGen      total 91648K, used 91505K [0x00000000e0000000, 0x00000000e7080000, 0x0000000100000000)
  eden space 84480K, 100% used [0x00000000e0000000,0x00000000e5280000,0x00000000e5280000)
  from space 7168K, 98% used [0x00000000e6980000,0x00000000e705c6e8,0x00000000e7080000)
  to   space 8192K, 0% used [0x00000000e6080000,0x00000000e6080000,0x00000000e6880000)
 ParOldGen       total 34816K, used 9252K [0x00000000a0000000, 0x00000000a2200000, 0x00000000e0000000)
  object space 34816K, 26% used [0x00000000a0000000,0x00000000a0909240,0x00000000a2200000)
 Metaspace       used 34490K, capacity 35360K, committed 35496K, reserved 1079296K
  class space    used 4584K, capacity 4865K, committed 4912K, reserved 1048576K
Event: 15.261 GC heap after
Heap after GC invocations=12 (full 1):
 PSYoungGen      total 107008K, used 8167K [0x00000000e0000000, 0x00000000e8100000, 0x0000000100000000)
  eden space 98816K, 0% used [0x00000000e0000000,0x00000000e0000000,0x00000000e6080000)
  from space 8192K, 99% used [0x00000000e6080000,0x00000000e6879e78,0x00000000e6880000)
  to   space 9728K, 0% used [0x00000000e7780000,0x00000000e7780000,0x00000000e8100000)
 ParOldGen       total 34816K, used 11285K [0x00000000a0000000, 0x00000000a2200000, 0x00000000e0000000)
  object space 34816K, 32% used [0x00000000a0000000,0x00000000a0b05420,0x00000000a2200000)
 Metaspace       used 34490K, capacity 35360K, committed 35496K, reserved 1079296K
  class space    used 4584K, capacity 4865K, committed 4912K, reserved 1048576K
}
Event: 15.796 GC heap before
{Heap before GC invocations=13 (full 1):
 PSYoungGen      total 107008K, used 106983K [0x00000000e0000000, 0x00000000e8100000, 0x0000000100000000)
  eden space 98816K, 100% used [0x00000000e0000000,0x00000000e6080000,0x00000000e6080000)
  from space 8192K, 99% used [0x00000000e6080000,0x00000000e6879e78,0x00000000e6880000)
  to   space 9728K, 0% used [0x00000000e7780000,0x00000000e7780000,0x00000000e8100000)
 ParOldGen       total 34816K, used 11285K [0x00000000a0000000, 0x00000000a2200000, 0x00000000e0000000)
  object space 34816K, 32% used [0x00000000a0000000,0x00000000a0b05420,0x00000000a2200000)
 Metaspace       used 34490K, capacity 35360K, committed 35496K, reserved 1079296K
  class space    used 4585K, capacity 4865K, committed 4912K, reserved 1048576K
Event: 15.808 GC heap after
Heap after GC invocations=13 (full 1):
 PSYoungGen      total 122368K, used 3190K [0x00000000e0000000, 0x00000000e9800000, 0x0000000100000000)
  eden space 112640K, 0% used [0x00000000e0000000,0x00000000e0000000,0x00000000e6e00000)
  from space 9728K, 32% used [0x00000000e7780000,0x00000000e7a9dba8,0x00000000e8100000)
  to   space 9728K, 0% used [0x00000000e6e00000,0x00000000e6e00000,0x00000000e7780000)
 ParOldGen       total 34816K, used 15357K [0x00000000a0000000, 0x00000000a2200000, 0x00000000e0000000)
  object space 34816K, 44% used [0x00000000a0000000,0x00000000a0eff490,0x00000000a2200000)
 Metaspace       used 34490K, capacity 35360K, committed 35496K, reserved 1079296K
  class space    used 4585K, capacity 4865K, committed 4912K, reserved 1048576K
}
Event: 16.506 GC heap before
{Heap before GC invocations=14 (full 1):
 PSYoungGen      total 122368K, used 115830K [0x00000000e0000000, 0x00000000e9800000, 0x0000000100000000)
  eden space 112640K, 100% used [0x00000000e0000000,0x00000000e6e00000,0x00000000e6e00000)
  from space 9728K, 32% used [0x00000000e7780000,0x00000000e7a9dba8,0x00000000e8100000)
  to   space 9728K, 0% used [0x00000000e6e00000,0x00000000e6e00000,0x00000000e7780000)
 ParOldGen       total 34816K, used 15357K [0x00000000a0000000, 0x00000000a2200000, 0x00000000e0000000)
  object space 34816K, 44% used [0x00000000a0000000,0x00000000a0eff490,0x00000000a2200000)
 Metaspace       used 34526K, capacity 35360K, committed 35496K, reserved 1079296K
  class space    used 4589K, capacity 4865K, committed 4912K, reserved 1048576K
Event: 16.514 GC heap after
Heap after GC invocations=14 (full 1):
 PSYoungGen      total 122368K, used 3003K [0x00000000e0000000, 0x00000000eaa00000, 0x0000000100000000)
  eden space 112640K, 0% used [0x00000000e0000000,0x00000000e0000000,0x00000000e6e00000)
  from space 9728K, 30% used [0x00000000e6e00000,0x00000000e70eee18,0x00000000e7780000)
  to   space 9728K, 0% used [0x00000000ea080000,0x00000000ea080000,0x00000000eaa00000)
 ParOldGen       total 34816K, used 18429K [0x00000000a0000000, 0x00000000a2200000, 0x00000000e0000000)
  object space 34816K, 52% used [0x00000000a0000000,0x00000000a11ff490,0x00000000a2200000)
 Metaspace       used 34526K, capacity 35360K, committed 35496K, reserved 1079296K
  class space    used 4589K, capacity 4865K, committed 4912K, reserved 1048576K
}
Event: 16.574 GC heap before
{Heap before GC invocations=15 (full 1):
 PSYoungGen      total 122368K, used 5252K [0x00000000e0000000, 0x00000000eaa00000, 0x0000000100000000)
  eden space 112640K, 1% used [0x00000000e0000000,0x00000000e0232540,0x00000000e6e00000)
  from space 9728K, 30% used [0x00000000e6e00000,0x00000000e70eee18,0x00000000e7780000)
  to   space 9728K, 0% used [0x00000000ea080000,0x00000000ea080000,0x00000000eaa00000)
 ParOldGen       total 34816K, used 18429K [0x00000000a0000000, 0x00000000a2200000, 0x00000000e0000000)
  object space 34816K, 52% used [0x00000000a0000000,0x00000000a11ff490,0x00000000a2200000)
 Metaspace       used 34612K, capacity 35438K, committed 35496K, reserved 1079296K
  class space    used 4599K, capacity 4867K, committed 4912K, reserved 1048576K
Event: 16.580 GC heap after
Heap after GC invocations=15 (full 1):
 PSYoungGen      total 164352K, used 400K [0x00000000e0000000, 0x00000000eb580000, 0x0000000100000000)
  eden space 154624K, 0% used [0x00000000e0000000,0x00000000e0000000,0x00000000e9700000)
  from space 9728K, 4% used [0x00000000ea080000,0x00000000ea0e40e8,0x00000000eaa00000)
  to   space 9728K, 0% used [0x00000000e9700000,0x00000000e9700000,0x00000000ea080000)
 ParOldGen       total 34816K, used 21376K [0x00000000a0000000, 0x00000000a2200000, 0x00000000e0000000)
  object space 34816K, 61% used [0x00000000a0000000,0x00000000a14e02a8,0x00000000a2200000)
 Metaspace       used 34612K, capacity 35438K, committed 35496K, reserved 1079296K
  class space    used 4599K, capacity 4867K, committed 4912K, reserved 1048576K
}
Event: 16.580 GC heap before
{Heap before GC invocations=16 (full 2):
 PSYoungGen      total 164352K, used 400K [0x00000000e0000000, 0x00000000eb580000, 0x0000000100000000)
  eden space 154624K, 0% used [0x00000000e0000000,0x00000000e0000000,0x00000000e9700000)
  from space 9728K, 4% used [0x00000000ea080000,0x00000000ea0e40e8,0x00000000eaa00000)
  to   space 9728K, 0% used [0x00000000e9700000,0x00000000e9700000,0x00000000ea080000)
 ParOldGen       total 34816K, used 21376K [0x00000000a0000000, 0x00000000a2200000, 0x00000000e0000000)
  object space 34816K, 61% used [0x00000000a0000000,0x00000000a14e02a8,0x00000000a2200000)
 Metaspace       used 34612K, capacity 35438K, committed 35496K, reserved 1079296K
  class space    used 4599K, capacity 4867K, committed 4912K, reserved 1048576K
Event: 16.677 GC heap after
Heap after GC invocations=16 (full 2):
 PSYoungGen      total 164352K, used 0K [0x00000000e0000000, 0x00000000eb580000, 0x0000000100000000)
  eden space 154624K, 0% used [0x00000000e0000000,0x00000000e0000000,0x00000000e9700000)
  from space 9728K, 0% used [0x00000000ea080000,0x00000000ea080000,0x00000000eaa00000)
  to   space 9728K, 0% used [0x00000000e9700000,0x00000000e9700000,0x00000000ea080000)
 ParOldGen       total 48128K, used 12831K [0x00000000a0000000, 0x00000000a2f00000, 0x00000000e0000000)
  object space 48128K, 26% used [0x00000000a0000000,0x00000000a0c87c78,0x00000000a2f00000)
 Metaspace       used 34601K, capacity 35426K, committed 35496K, reserved 1079296K
  class space    used 4595K, capacity 4863K, committed 4912K, reserved 1048576K
}

